==============================================================================
Administration                                                                
==============================================================================
Administration.Admin-ManageAwards :: MiCAVS WEB APPLICATION TESTING           
==============================================================================
Verify Admin user Dashboard                                           **** Test case -1 is started *****
**** Test case is Passed ****
| PASS |
------------------------------------------------------------------------------
Veriy Administartion list of Modules                                  **** Test Case -2 is started ****
Admin Dashboard page navigated to Admmin Module
**** Test case is Passed *****
| PASS |
------------------------------------------------------------------------------
Veriy Administartion - Admin Manage Awards - Existing Award detail... **** Test Case -3 is started ****
| FAIL |
WebDriverException: Message: unknown error: DevToolsActivePort file doesn't exist
------------------------------------------------------------------------------
Veriy Administartion - Existing - Admin Manage Awards details in a... **** Test Case -3.1 is started ****
Admin Dashboard page navigated to Admmin Module
Click Manage user roles on left pane of page
Total number of existing user roles : 13
1.3
10
5
EARNINGS/SUPPORT : 200
BURIAL : 1500
STANDARD : 15000
BURIAL : 2000
GRIEF COUNSELING : 500
CRIME SCENE CLEANUP : 500
EARNINGS/SUPPORT : 350
BURIAL : 5000
SAFE : 600
Pagination:0.0
SAFE : 100
SAFE : 500
SAFE : 100
Pagination:1.0
**** Test case is Passed *****
| PASS |
------------------------------------------------------------------------------
Administration.Admin-ManageAwards :: MiCAVS WEB APPLICATION TESTING   | FAIL |
4 tests, 3 passed, 1 failed
==============================================================================
Administration                                                        | FAIL |
4 tests, 3 passed, 1 failed
==============================================================================
Output:  C:\Users\Bhanu.Battu\PycharmProjects\TestProject\Results\pabot_results\1\output.xml
